<?xml version="1.0" encoding="UTF-8"?>
<!-- Generated by org.testng.reporters.JUnitReportReporter -->
<testsuite hostname="DESKTOP-1TNJ7GI" failures="0" tests="2" name="com.InsuranceProject.AllTests" time="15.951" errors="0" timestamp="2024-04-27T16:48:58 IST" skipped="0">
  <testcase classname="com.InsuranceProject.AllTests" name="automobileTests" time="10.159"/>
  <system-out/>
  <testcase classname="com.InsuranceProject.AllTests" name="truckTests" time="5.792"/>
  <system-out/>
</testsuite> <!-- com.InsuranceProject.AllTests -->
